<?xml version="1.0" encoding="UTF-8"?>
<testsuite xmlns:xsi="http://www.w3.org/2001/XMLSchema-instance" xsi:noNamespaceSchemaLocation="https://maven.apache.org/surefire/maven-surefire-plugin/xsd/surefire-test-report-3.0.xsd" version="3.0" name="com.library.service.BookServiceTest" time="0.912" tests="1" errors="0" skipped="0" failures="0">
  <properties>
    <property name="java.specification.version" value="22"/>
    <property name="sun.jnu.encoding" value="UTF-8"/>
    <property name="java.class.path" value="/Users/shivanibalasubramani/Desktop/COG/WEEK 2/ EX-3 Logging Spring AOP/target/test-classes:/Users/shivanibalasubramani/Desktop/COG/WEEK 2/ EX-3 Logging Spring AOP/target/classes:/Users/shivanibalasubramani/.m2/repository/org/springframework/spring-core/5.3.10/spring-core-5.3.10.jar:/Users/shivanibalasubramani/.m2/repository/org/springframework/spring-jcl/5.3.10/spring-jcl-5.3.10.jar:/Users/shivanibalasubramani/.m2/repository/org/springframework/spring-aop/5.3.10/spring-aop-5.3.10.jar:/Users/shivanibalasubramani/.m2/repository/org/springframework/spring-beans/5.3.10/spring-beans-5.3.10.jar:/Users/shivanibalasubramani/.m2/repository/org/springframework/spring-context/5.3.10/spring-context-5.3.10.jar:/Users/shivanibalasubramani/.m2/repository/org/springframework/spring-expression/5.3.10/spring-expression-5.3.10.jar:/Users/shivanibalasubramani/.m2/repository/org/aspectj/aspectjrt/1.9.9.1/aspectjrt-1.9.9.1.jar:/Users/shivanibalasubramani/.m2/repository/org/aspectj/aspectjweaver/1.9.9.1/aspectjweaver-1.9.9.1.jar:/Users/shivanibalasubramani/.m2/repository/org/slf4j/slf4j-api/1.7.32/slf4j-api-1.7.32.jar:/Users/shivanibalasubramani/.m2/repository/ch/qos/logback/logback-classic/1.2.6/logback-classic-1.2.6.jar:/Users/shivanibalasubramani/.m2/repository/ch/qos/logback/logback-core/1.2.6/logback-core-1.2.6.jar:/Users/shivanibalasubramani/.m2/repository/junit/junit/4.13.2/junit-4.13.2.jar:/Users/shivanibalasubramani/.m2/repository/org/hamcrest/hamcrest-core/1.3/hamcrest-core-1.3.jar:"/>
    <property name="java.vm.vendor" value="Homebrew"/>
    <property name="sun.arch.data.model" value="64"/>
    <property name="java.vendor.url" value="https://github.com/Homebrew/homebrew-core/issues"/>
    <property name="os.name" value="Mac OS X"/>
    <property name="java.vm.specification.version" value="22"/>
    <property name="sun.java.launcher" value="SUN_STANDARD"/>
    <property name="user.country" value="GB"/>
    <property name="sun.boot.library.path" value="/usr/local/Cellar/openjdk/22.0.2/libexec/openjdk.jdk/Contents/Home/lib"/>
    <property name="sun.java.command" value="/Users/shivanibalasubramani/Desktop/COG/WEEK 2/ EX-3 Logging Spring AOP/target/surefire/surefirebooter-20240809103213630_3.jar /Users/shivanibalasubramani/Desktop/COG/WEEK 2/ EX-3 Logging Spring AOP/target/surefire 2024-08-09T10-32-13_518-jvmRun1 surefire-20240809103213630_1tmp surefire_0-20240809103213630_2tmp"/>
    <property name="http.nonProxyHosts" value="local|*.local|169.254/16|*.169.254/16"/>
    <property name="jdk.debug" value="release"/>
    <property name="surefire.test.class.path" value="/Users/shivanibalasubramani/Desktop/COG/WEEK 2/ EX-3 Logging Spring AOP/target/test-classes:/Users/shivanibalasubramani/Desktop/COG/WEEK 2/ EX-3 Logging Spring AOP/target/classes:/Users/shivanibalasubramani/.m2/repository/org/springframework/spring-core/5.3.10/spring-core-5.3.10.jar:/Users/shivanibalasubramani/.m2/repository/org/springframework/spring-jcl/5.3.10/spring-jcl-5.3.10.jar:/Users/shivanibalasubramani/.m2/repository/org/springframework/spring-aop/5.3.10/spring-aop-5.3.10.jar:/Users/shivanibalasubramani/.m2/repository/org/springframework/spring-beans/5.3.10/spring-beans-5.3.10.jar:/Users/shivanibalasubramani/.m2/repository/org/springframework/spring-context/5.3.10/spring-context-5.3.10.jar:/Users/shivanibalasubramani/.m2/repository/org/springframework/spring-expression/5.3.10/spring-expression-5.3.10.jar:/Users/shivanibalasubramani/.m2/repository/org/aspectj/aspectjrt/1.9.9.1/aspectjrt-1.9.9.1.jar:/Users/shivanibalasubramani/.m2/repository/org/aspectj/aspectjweaver/1.9.9.1/aspectjweaver-1.9.9.1.jar:/Users/shivanibalasubramani/.m2/repository/org/slf4j/slf4j-api/1.7.32/slf4j-api-1.7.32.jar:/Users/shivanibalasubramani/.m2/repository/ch/qos/logback/logback-classic/1.2.6/logback-classic-1.2.6.jar:/Users/shivanibalasubramani/.m2/repository/ch/qos/logback/logback-core/1.2.6/logback-core-1.2.6.jar:/Users/shivanibalasubramani/.m2/repository/junit/junit/4.13.2/junit-4.13.2.jar:/Users/shivanibalasubramani/.m2/repository/org/hamcrest/hamcrest-core/1.3/hamcrest-core-1.3.jar:"/>
    <property name="sun.cpu.endian" value="little"/>
    <property name="user.home" value="/Users/shivanibalasubramani"/>
    <property name="user.language" value="en"/>
    <property name="java.specification.vendor" value="Oracle Corporation"/>
    <property name="java.version.date" value="2024-07-16"/>
    <property name="java.home" value="/usr/local/Cellar/openjdk/22.0.2/libexec/openjdk.jdk/Contents/Home"/>
    <property name="file.separator" value="/"/>
    <property name="basedir" value="/Users/shivanibalasubramani/Desktop/COG/WEEK 2/ EX-3 Logging Spring AOP"/>
    <property name="java.vm.compressedOopsMode" value="Zero based"/>
    <property name="line.separator" value="&#10;"/>
    <property name="java.vm.specification.vendor" value="Oracle Corporation"/>
    <property name="java.specification.name" value="Java Platform API Specification"/>
    <property name="apple.awt.application.name" value="ForkedBooter"/>
    <property name="surefire.real.class.path" value="/Users/shivanibalasubramani/Desktop/COG/WEEK 2/ EX-3 Logging Spring AOP/target/surefire/surefirebooter-20240809103213630_3.jar"/>
    <property name="sun.management.compiler" value="HotSpot 64-Bit Tiered Compilers"/>
    <property name="ftp.nonProxyHosts" value="local|*.local|169.254/16|*.169.254/16"/>
    <property name="java.runtime.version" value="22.0.2"/>
    <property name="user.name" value="shivanibalasubramani"/>
    <property name="stdout.encoding" value="UTF-8"/>
    <property name="path.separator" value=":"/>
    <property name="os.version" value="14.5"/>
    <property name="java.runtime.name" value="OpenJDK Runtime Environment"/>
    <property name="file.encoding" value="UTF-8"/>
    <property name="java.vm.name" value="OpenJDK 64-Bit Server VM"/>
    <property name="java.vendor.version" value="Homebrew"/>
    <property name="localRepository" value="/Users/shivanibalasubramani/.m2/repository"/>
    <property name="java.vendor.url.bug" value="https://github.com/Homebrew/homebrew-core/issues"/>
    <property name="java.io.tmpdir" value="/var/folders/rp/w2rv1c696dx6hx8sy4hh42mr0000gn/T/"/>
    <property name="java.version" value="22.0.2"/>
    <property name="user.dir" value="/Users/shivanibalasubramani/Desktop/COG/WEEK 2/ EX-3 Logging Spring AOP"/>
    <property name="os.arch" value="x86_64"/>
    <property name="java.vm.specification.name" value="Java Virtual Machine Specification"/>
    <property name="native.encoding" value="UTF-8"/>
    <property name="java.library.path" value="/Users/shivanibalasubramani/Library/Java/Extensions:/Library/Java/Extensions:/Network/Library/Java/Extensions:/System/Library/Java/Extensions:/usr/lib/java:."/>
    <property name="java.vm.info" value="mixed mode, sharing"/>
    <property name="stderr.encoding" value="UTF-8"/>
    <property name="java.vendor" value="Homebrew"/>
    <property name="java.vm.version" value="22.0.2"/>
    <property name="sun.io.unicode.encoding" value="UnicodeBig"/>
    <property name="socksNonProxyHosts" value="local|*.local|169.254/16|*.169.254/16"/>
    <property name="java.class.version" value="66.0"/>
  </properties>
  <testcase name="testDisplayBooks" classname="com.library.service.BookServiceTest" time="0.838">
    <system-out><![CDATA[10:32:14.230 [main] DEBUG org.springframework.context.support.ClassPathXmlApplicationContext - Refreshing org.springframework.context.support.ClassPathXmlApplicationContext@37574691
10:32:14.489 [main] DEBUG org.springframework.context.annotation.ClassPathBeanDefinitionScanner - Identified candidate component class: file [/Users/shivanibalasubramani/Desktop/COG/WEEK 2/ EX-3 Logging Spring AOP/target/classes/com/library/aspect/LoggingAspect.class]
10:32:14.516 [main] DEBUG org.springframework.beans.factory.xml.XmlBeanDefinitionReader - Loaded 8 bean definitions from class path resource [applicationContext.xml]
10:32:14.535 [main] DEBUG org.springframework.beans.factory.support.DefaultListableBeanFactory - Creating shared instance of singleton bean 'org.springframework.context.annotation.internalConfigurationAnnotationProcessor'
10:32:14.566 [main] DEBUG org.springframework.beans.factory.support.DefaultListableBeanFactory - Creating shared instance of singleton bean 'org.springframework.context.event.internalEventListenerProcessor'
10:32:14.568 [main] DEBUG org.springframework.beans.factory.support.DefaultListableBeanFactory - Creating shared instance of singleton bean 'org.springframework.context.event.internalEventListenerFactory'
10:32:14.569 [main] DEBUG org.springframework.beans.factory.support.DefaultListableBeanFactory - Creating shared instance of singleton bean 'org.springframework.context.annotation.internalAutowiredAnnotationProcessor'
10:32:14.571 [main] DEBUG org.springframework.beans.factory.support.DefaultListableBeanFactory - Creating shared instance of singleton bean 'org.springframework.aop.config.internalAutoProxyCreator'
10:32:14.645 [main] DEBUG org.springframework.beans.factory.support.DefaultListableBeanFactory - Creating shared instance of singleton bean 'loggingAspect'
10:32:14.651 [main] DEBUG org.springframework.beans.factory.support.DefaultListableBeanFactory - Creating shared instance of singleton bean 'bookService'
10:32:14.667 [main] DEBUG org.springframework.aop.aspectj.annotation.ReflectiveAspectJAdvisorFactory - Found AspectJ method: public java.lang.Object com.library.aspect.LoggingAspect.logExecutionTime(org.aspectj.lang.ProceedingJoinPoint) throws java.lang.Throwable
10:32:14.672 [main] DEBUG org.springframework.beans.factory.support.DefaultListableBeanFactory - Creating shared instance of singleton bean 'bookRepository'
Book 1
Book 2
Book 3
10:32:14.888 [main] INFO com.library.aspect.LoggingAspect - void com.library.service.BookService.displayBooks() executed in 14ms
]]></system-out>
  </testcase>
</testsuite>